/var/spool/slurmd/job212688/slurm_script: line 4: i#SBATCH: command not found
This script is transforming palindrom sequences like A/T and T/A making sure both are treated the same (both become A/T)

Job ran on: leinewr002.mh-hannover.local
Start time: Thu Feb 15 12:24:08 CET 2024
Processing file: /hpc/scratch/project/ag-ixplain-cds/sergejruff/output/binary/LRRK2AJ2610001_binary.parquet
Traceback (most recent call last):
  File "/hpc/scratch/project/ag-ixplain-cds/sergejruff/pivot_2.py", line 23, in <module>
    pivot_parquet_files(input_file, output_file)
  File "/hpc/scratch/project/ag-ixplain-cds/sergejruff/pivot_2.py", line 7, in pivot_parquet_files
    pivot_df = df.pivot_table(index='SAMPLE', columns='CHRPOS', values='binary', aggfunc='first')
  File "/home/leinehome/mh-hannover.local/s-seruff/.local/lib/python3.10/site-packages/pandas/core/frame.py", line 9482, in pivot_table
    return pivot_table(
  File "/home/leinehome/mh-hannover.local/s-seruff/.local/lib/python3.10/site-packages/pandas/core/reshape/pivot.py", line 102, in pivot_table
    table = __internal_pivot_table(
  File "/home/leinehome/mh-hannover.local/s-seruff/.local/lib/python3.10/site-packages/pandas/core/reshape/pivot.py", line 172, in __internal_pivot_table
    grouped = data.groupby(keys, observed=observed_bool, sort=sort, dropna=dropna)
  File "/home/leinehome/mh-hannover.local/s-seruff/.local/lib/python3.10/site-packages/pandas/core/frame.py", line 9156, in groupby
    return DataFrameGroupBy(
  File "/home/leinehome/mh-hannover.local/s-seruff/.local/lib/python3.10/site-packages/pandas/core/groupby/groupby.py", line 1329, in __init__
    grouper, exclusions, obj = get_grouper(
  File "/home/leinehome/mh-hannover.local/s-seruff/.local/lib/python3.10/site-packages/pandas/core/groupby/grouper.py", line 1043, in get_grouper
    raise KeyError(gpr)
KeyError: 'CHRPOS'
Finished processing file: /hpc/scratch/project/ag-ixplain-cds/sergejruff/output/binary/LRRK2AJ2610001_binary.parquet

Job is done. End time: Thu Feb 15 12:24:13 CET 2024
